This is XeTeX, Version 3.1415926-2.2-0.9995.2 (TeX Live 2009/Debian) (format=xetex 2011.11.7)  15 NOV 2011 12:09
entering extended mode
 %&-line parsing enabled.
**tronapi
(./tronapi.tex (./chezwebmac.tex
\PPbox=\box16
\MMbox=\box17
\MGbox=\box18
\MODbox=\box19
\bak=\box20
\bakk=\box21
\ind=\count28
\gdepth=\count29
\secpagedepth=\count30
\gtitle=\toks13
\intersecskip=\skip18
\toksA=\toks14
\toksB=\toks15
\toksC=\toks16
\toksD=\toks17
\toksE=\toks18
\toksF=\toks19
\usersanitizer=\toks20
\countA=\count31
\countB=\count32
\countC=\count33
\pagewidth=\dimen16
\pageheight=\dimen17
\fullpageheight=\dimen18
\pageshift=\dimen19
\cont=\write0
\sbox=\box22
\lbox=\box23
\twodigits=\count34
\thisverbatim=\toks21
\everyverbatim=\toks22
\vrblin=\count35
)
(/usr/share/texmf-texlive/tex/plain/plgraph/graphicx.tex
(/usr/share/texmf-texlive/tex/plain/plgraph/miniltx.tex
\@tempcnta=\count36
\@tempcntb=\count37
\@tempdima=\dimen20
\@tempdimb=\dimen21
\@tempdimc=\dimen22
\@tempboxa=\box24
\@tempskipa=\skip19
\@tempskipb=\skip20
\@temptokena=\toks23
\leftmarginv=\dimen23
\leftmarginvi=\dimen24
\@ovxx=\dimen25
\@ovyy=\dimen26
\@ovdx=\dimen27
\@ovdy=\dimen28
\@ovro=\dimen29
\@ovri=\dimen30
\@xdim=\dimen31
\@ydim=\dimen32
\@linelen=\dimen33
\@dashdim=\dimen34
\fboxsep=\dimen35
\fboxrule=\dimen36
)
(/usr/share/texmf-texlive/tex/latex/graphics/graphicx.sty
graphicx: 1999/02/16 v1.0f Enhanced LaTeX Graphics (DPC,SPQR)

(/usr/share/texmf-texlive/tex/latex/graphics/keyval.sty
keyval: 1999/03/16 v1.13 key=value parser (DPC)
\KV@toks@=\toks24
)
(/usr/share/texmf-texlive/tex/latex/graphics/graphics.sty
graphics: 2009/02/05 v1.0o Standard LaTeX Graphics (DPC,SPQR)

(/usr/share/texmf-texlive/tex/latex/graphics/trig.sty
trig: 1999/03/16 v1.09 sin cos tan (DPC)
)
(/etc/texmf/tex/latex/config/graphics.cfg
graphics.cfg: 2009/08/28 v1.8 graphics configuration of TeX Live
)
graphics: Driver file: xetex.def

(/usr/share/texmf-texlive/tex/xelatex/xetex-def/xetex.def
xetex.def: 2009/11/22 v0.94 LaTeX color/graphics driver for XeTeX (RRM/JK)
))
\Gin@req@height=\dimen37
\Gin@req@width=\dimen38
)) [1
\openout0 = `tronapi.toc'.

] *1 [2] *3
[3] [4] *5 [5] [6] *7 [7] [8] [9] *13 [10] [11] *19 [12] *20 [13] [14] *26
[15] *27 Index: (./tronapi.idx) [16] Section names: (./tronapi.scn) [17]
Table of contents:
logo_tron_black.eps: Graphic file (type eps)
 <logo_tron_black.eps> (./tronapi.toc) [0] )
Output written on tronapi.pdf (18 pages).
